<?xml version="1.0" encoding="UTF-8"?>
<!-- Generated by org.testng.reporters.JUnitReportReporter -->
<testsuite hostname="Saikiran" failures="0" tests="1" name="batchExecution.TestClass2" time="0.001" errors="0" timestamp="2023-10-18T13:31:17 IST" skipped="0">
  <testcase classname="batchExecution.TestClass2" name="demo2" time="0.001"/>
  <system-out/>
</testsuite> <!-- batchExecution.TestClass2 -->
