<?xml version="1.0" encoding="UTF-8"?>
<!-- Generated by org.testng.reporters.JUnitReportReporter -->
<testsuite hostname="Saikiran" failures="0" tests="1" name="testNG.TestClass" time="0.006" errors="0" timestamp="2023-10-14T13:06:46 IST" skipped="0">
  <testcase classname="testNG.TestClass" name="test1" time="0.006"/>
  <system-out/>
</testsuite> <!-- testNG.TestClass -->
