<?xml version="1.0" encoding="UTF-8"?>
<!-- Generated by org.testng.reporters.JUnitReportReporter -->
<testsuite hostname="Saikiran" failures="0" tests="1" name="groupExecution.TestClass4" time="0.002" errors="0" timestamp="2023-10-14T13:55:06 IST" skipped="0">
  <testcase classname="groupExecution.TestClass4" name="demo2" time="0.002"/>
  <system-out/>
</testsuite> <!-- groupExecution.TestClass4 -->
