<?xml version="1.0" encoding="UTF-8"?>
<!-- Generated by org.testng.reporters.JUnitReportReporter -->
<testsuite hostname="Saikiran" failures="0" tests="2" name="distributedParallel.Test1" time="0.008" errors="0" timestamp="2023-10-14T14:49:28 IST" skipped="0">
  <testcase classname="distributedParallel.Test1" name="demo2" time="0.003"/>
  <system-out/>
  <testcase classname="distributedParallel.Test1" name="demo1" time="0.005"/>
  <system-out/>
</testsuite> <!-- distributedParallel.Test1 -->
