<?xml version="1.0" encoding="UTF-8"?>
<!-- Generated by org.testng.reporters.JUnitReportReporter -->
<testsuite hostname="Saikiran" failures="0" tests="3" name="groupExecution.TestClass1" time="0.011" errors="0" timestamp="2023-10-14T13:54:36 IST" skipped="0">
  <testcase classname="groupExecution.TestClass1" name="demo1" time="0.008"/>
  <system-out/>
  <testcase classname="groupExecution.TestClass1" name="demo2" time="0.001"/>
  <system-out/>
  <testcase classname="groupExecution.TestClass1" name="demo3" time="0.002"/>
  <system-out/>
</testsuite> <!-- groupExecution.TestClass1 -->
