<?xml version="1.0" encoding="UTF-8"?>
<!-- Generated by org.testng.reporters.JUnitReportReporter -->
<testsuite hostname="Saikiran" failures="0" tests="6" name="testNG.CombinationOfPriorityzingAndInvocationCount" time="0.021" errors="0" timestamp="2023-10-12T14:02:33 IST" skipped="0">
  <testcase classname="testNG.CombinationOfPriorityzingAndInvocationCount" name="demo6" time="0.010"/>
  <system-out/>
  <testcase classname="testNG.CombinationOfPriorityzingAndInvocationCount" name="demo5" time="0.002"/>
  <system-out/>
  <testcase classname="testNG.CombinationOfPriorityzingAndInvocationCount" name="demo1" time="0.001"/>
  <system-out/>
  <testcase classname="testNG.CombinationOfPriorityzingAndInvocationCount" name="demo1" time="0.004"/>
  <system-out/>
  <testcase classname="testNG.CombinationOfPriorityzingAndInvocationCount" name="demo2" time="0.002"/>
  <system-out/>
  <testcase classname="testNG.CombinationOfPriorityzingAndInvocationCount" name="demo4" time="0.002"/>
  <system-out/>
</testsuite> <!-- testNG.CombinationOfPriorityzingAndInvocationCount -->
