<?xml version="1.0" encoding="UTF-8"?>
<!-- Generated by org.testng.reporters.JUnitReportReporter -->
<testsuite hostname="Saikiran" failures="0" tests="2" name="groupExecution.TestClass2" time="0.010" errors="0" timestamp="2023-10-14T13:59:28 IST" skipped="0">
  <testcase classname="groupExecution.TestClass2" name="demo1" time="0.008"/>
  <system-out/>
  <testcase classname="groupExecution.TestClass2" name="demo3" time="0.002"/>
  <system-out/>
</testsuite> <!-- groupExecution.TestClass2 -->
