<?xml version="1.0" encoding="UTF-8"?>
<!-- Generated by org.testng.reporters.JUnitReportReporter -->
<testsuite hostname="Saikiran" failures="0" tests="2" name="testNG.DependsOnMethods" time="0.009" errors="0" timestamp="2023-10-12T14:23:08 IST" skipped="0">
  <testcase classname="testNG.DependsOnMethods" name="loginToApp" time="0.002"/>
  <system-out/>
  <testcase classname="testNG.DependsOnMethods" name="navigateToApp" time="0.007"/>
  <system-out/>
</testsuite> <!-- testNG.DependsOnMethods -->
