<?xml version="1.0" encoding="UTF-8"?>
<!-- Generated by org.testng.reporters.JUnitReportReporter -->
<testsuite hostname="Saikiran" failures="0" tests="2" name="testNG.DisablingTheTestScripts" time="0.010" errors="0" timestamp="2023-10-13T13:23:30 IST" skipped="1">
  <testcase classname="testNG.DisablingTheTestScripts" name="demo2" time="0.010"/>
  <system-out/>
  <testcase classname="testNG.DisablingTheTestScripts" name="demo1">
    <skipped/>
  </testcase> <!-- demo1 -->
  <system-out/>
</testsuite> <!-- testNG.DisablingTheTestScripts -->
