<?xml version="1.0" encoding="UTF-8"?>
<!-- Generated by org.testng.reporters.JUnitReportReporter -->
<testsuite hostname="Saikiran" failures="0" tests="2" name="batchExecution.TestClass3" time="0.007" errors="0" timestamp="2023-10-18T13:29:34 IST" skipped="0">
  <testcase classname="batchExecution.TestClass3" name="demo2" time="0.003"/>
  <system-out/>
  <testcase classname="batchExecution.TestClass3" name="demo1" time="0.004"/>
  <system-out/>
</testsuite> <!-- batchExecution.TestClass3 -->
