<?xml version="1.0" encoding="UTF-8"?>
<!-- Generated by org.testng.reporters.JUnitReportReporter -->
<testsuite hostname="Saikiran" failures="0" tests="5" name="testNG.RerunningTheTestscriptWithSameData" time="0.018" errors="0" timestamp="2023-10-12T13:41:25 IST" skipped="0">
  <testcase classname="testNG.RerunningTheTestscriptWithSameData" name="demo1" time="0.002"/>
  <system-out/>
  <testcase classname="testNG.RerunningTheTestscriptWithSameData" name="demo3" time="0.002"/>
  <system-out/>
  <testcase classname="testNG.RerunningTheTestscriptWithSameData" name="demo3" time="0.002"/>
  <system-out/>
  <testcase classname="testNG.RerunningTheTestscriptWithSameData" name="demo3" time="0.002"/>
  <system-out/>
  <testcase classname="testNG.RerunningTheTestscriptWithSameData" name="demo1" time="0.010"/>
  <system-out/>
</testsuite> <!-- testNG.RerunningTheTestscriptWithSameData -->
