<?xml version="1.0" encoding="UTF-8"?>
<!-- Generated by org.testng.reporters.JUnitReportReporter -->
<testsuite hostname="Saikiran" failures="0" tests="2" name="distributedParallel.Test2" time="0.020" errors="0" timestamp="2023-10-14T14:49:28 IST" skipped="0">
  <testcase classname="distributedParallel.Test2" name="demo2" time="0.010"/>
  <system-out/>
  <testcase classname="distributedParallel.Test2" name="demo1" time="0.010"/>
  <system-out/>
</testsuite> <!-- distributedParallel.Test2 -->
