<?xml version="1.0" encoding="UTF-8"?>
<!-- Generated by org.testng.reporters.JUnitReportReporter -->
<testsuite hostname="Saikiran" failures="0" tests="2" name="testNG.DependsOnMethods2" time="25.730" errors="0" timestamp="2023-10-13T11:21:55 IST" skipped="0">
  <testcase classname="testNG.DependsOnMethods2" name="navigateToApp" time="12.172"/>
  <system-out/>
  <testcase classname="testNG.DependsOnMethods2" name="logionToApp" time="13.558"/>
  <system-out/>
</testsuite> <!-- testNG.DependsOnMethods2 -->
